生成启动时间为 2022/9/29 15:38:19。
     1>项目“F:\SerialPortCom\SerialPortCom\SerialPortCom.vcxproj”在节点 2 上(build 个目标)。
     1>InitializeBuildStatus:
         正在创建“Debug\SerialPortCom.unsuccessfulbuild”，因为已指定“AlwaysCreate”。
       CustomBuild:
         所有输出均为最新。
       ClCompile:
         C:\Program Files (x86)\Microsoft Visual Studio 10.0\VC\bin\CL.exe /c /IF:\SerialPortCom\SerialPortCom\GeneratedFiles /I. /ID:\Qt\4.8.2_32\include /I.\GeneratedFiles\Debug /ID:\Qt\4.8.2_32\include\QtCore /ID:\Qt\4.8.2_32\include\QtGui /Zi /nologo /W1 /WX- /Od /Oy- /D UNICODE /D WIN32 /D QT_LARGEFILE_SUPPORT /D QT_DLL /D QT_CORE_LIB /D QT_GUI_LIB /Gm- /EHsc /MDd /GS /fp:precise /Zc:wchar_t- /Zc:forScope /Fo"Debug\\" /Fd"Debug\vc100.pdb" /Gd /TP /analyze- /errorReport:prompt serialportcom.cpp
         serialportcom.cpp
     1>f:\serialportcom\serialportcom\SerialPortParameter.h(5): warning C4068: 未知的杂注
     1>f:\serialportcom\serialportcom\serialportcom.h(51): warning C4482: 使用了非标准扩展: 限定名中使用了枚举“GoPosition”
     1>f:\serialportcom\serialportcom\serialportcom.h(51): warning C4482: 使用了非标准扩展: 限定名中使用了枚举“GoPosition”
     1>serialportcom.cpp(71): warning C4482: 使用了非标准扩展: 限定名中使用了枚举“GoPosition”
     1>serialportcom.cpp(72): warning C4482: 使用了非标准扩展: 限定名中使用了枚举“GoPosition”
       ResourceCompile:
         所有输出均为最新。
       Link:
         C:\Program Files (x86)\Microsoft Visual Studio 10.0\VC\bin\link.exe /ERRORREPORT:PROMPT /OUT:"F:\SerialPortCom\Win32\Debug\\SerialPortCom.exe" /NOLOGO /LIBPATH:D:\Qt\4.8.2_32\lib qtmaind.lib QtCored4.lib QtGuid4.lib kernel32.lib user32.lib gdi32.lib winspool.lib comdlg32.lib advapi32.lib shell32.lib ole32.lib oleaut32.lib uuid.lib odbc32.lib odbccp32.lib /MANIFEST /ManifestFile:"Debug\SerialPortCom.exe.intermediate.manifest" /MANIFESTUAC:"level='asInvoker' uiAccess='false'" /DEBUG /PDB:"F:\SerialPortCom\Win32\Debug\SerialPortCom.pdb" /SUBSYSTEM:CONSOLE /TLBID:1 /DYNAMICBASE /NXCOMPAT /IMPLIB:"F:\SerialPortCom\Win32\Debug\SerialPortCom.lib" /MACHINE:X86 Debug\SerialPortCom.res
         Debug\moc_mainwindow.obj
         Debug\moc_qextserialbase.obj
         Debug\moc_qextserialport.obj
         Debug\moc_serialportcom.obj
         Debug\moc_win_qextserialport.obj
         Debug\main.obj
         Debug\mainwindow.obj
         Debug\qextserialbase.obj
         Debug\qextserialport.obj
         Debug\serialportcom.obj
         Debug\SerialPortParameter.obj
         Debug\win_qextserialport.obj
         LINK : 没有找到 F:\SerialPortCom\Win32\Debug\\SerialPortCom.exe 或上一个增量链接没有生成它；正在执行完全链接
         SerialPortCom.vcxproj -> F:\SerialPortCom\Win32\Debug\SerialPortCom.exe
       Manifest:
         C:\Program Files (x86)\Microsoft SDKs\Windows\v7.0A\bin\mt.exe /nologo /verbose /outputresource:"F:\SerialPortCom\Win32\Debug\\SerialPortCom.exe;#1" /manifest Debug\SerialPortCom.exe.intermediate.manifest
       FinalizeBuildStatus:
         正在删除文件“Debug\SerialPortCom.unsuccessfulbuild”。
         正在对“Debug\SerialPortCom.lastbuildstate”执行 Touch 任务。
     1>已完成生成项目“F:\SerialPortCom\SerialPortCom\SerialPortCom.vcxproj”(build 个目标)的操作。

生成成功。

已用时间 00:00:03.27
