生成启动时间为 2022/9/26 14:54:53。
     1>项目“F:\SerialPortCom\SerialPortCom\SerialPortCom.vcxproj”在节点 2 上(build 个目标)。
     1>InitializeBuildStatus:
         正在创建“x64\Debug\SerialPortCom.unsuccessfulbuild”，因为已指定“AlwaysCreate”。
       CustomBuild:
         所有输出均为最新。
       ClCompile:
         C:\Program Files (x86)\Microsoft Visual Studio 10.0\VC\bin\x86_amd64\CL.exe /c /IF:\SerialPortCom\SerialPortCom\GeneratedFiles /IF:\SourceCode\UdpTest\SerialPortCom\SerialPortCom\GeneratedFiles /IF:\SourceCode\UdpTest\SerialPortCom\SerialPortCom /I. /ID:\Qt\4.8.2_64\include /I.\GeneratedFiles\Debug /ID:\Qt\4.8.2_64\include\QtCore /ID:\Qt\4.8.2_64\include\QtGui /Zi /nologo /W1 /WX- /Od /D UNICODE /D WIN32 /D QT_LARGEFILE_SUPPORT /D QT_DLL /D QT_CORE_LIB /D QT_GUI_LIB /Gm- /EHsc /MDd /GS /fp:precise /Zc:wchar_t- /Zc:forScope /Fo"x64\Debug\\" /Fd"x64\Debug\vc100.pdb" /Gd /TP /errorReport:prompt GeneratedFiles\Debug\moc_mainwindow.cpp main.cpp mainwindow.cpp
         moc_mainwindow.cpp
     1>f:\serialportcom\serialportcom\generatedfiles\debug\../../mainwindow.h(4): warning C4068: 未知的杂注
     1>f:\serialportcom\serialportcom\SerialPortParameter.h(5): warning C4068: 未知的杂注
     1>f:\serialportcom\serialportcom\serialportcom.h(36): warning C4482: 使用了非标准扩展: 限定名中使用了枚举“GoPosition”
     1>f:\serialportcom\serialportcom\serialportcom.h(36): warning C4482: 使用了非标准扩展: 限定名中使用了枚举“GoPosition”
         main.cpp
     1>f:\serialportcom\serialportcom\mainwindow.h(4): warning C4068: 未知的杂注
     1>f:\serialportcom\serialportcom\SerialPortParameter.h(5): warning C4068: 未知的杂注
     1>f:\serialportcom\serialportcom\serialportcom.h(36): warning C4482: 使用了非标准扩展: 限定名中使用了枚举“GoPosition”
     1>f:\serialportcom\serialportcom\serialportcom.h(36): warning C4482: 使用了非标准扩展: 限定名中使用了枚举“GoPosition”
         mainwindow.cpp
     1>f:\serialportcom\serialportcom\mainwindow.h(4): warning C4068: 未知的杂注
     1>f:\serialportcom\serialportcom\SerialPortParameter.h(5): warning C4068: 未知的杂注
     1>f:\serialportcom\serialportcom\serialportcom.h(36): warning C4482: 使用了非标准扩展: 限定名中使用了枚举“GoPosition”
     1>f:\serialportcom\serialportcom\serialportcom.h(36): warning C4482: 使用了非标准扩展: 限定名中使用了枚举“GoPosition”
         Generating Code...
       ResourceCompile:
         所有输出均为最新。
       Link:
         C:\Program Files (x86)\Microsoft Visual Studio 10.0\VC\bin\x86_amd64\link.exe /ERRORREPORT:PROMPT /OUT:"F:\SerialPortCom\x64\Debug\\SerialPortCom.exe" /NOLOGO /LIBPATH:D:\Qt\4.8.2_64\lib qtmaind.lib QtCored4.lib QtGuid4.lib kernel32.lib user32.lib gdi32.lib winspool.lib comdlg32.lib advapi32.lib shell32.lib ole32.lib oleaut32.lib uuid.lib odbc32.lib odbccp32.lib /MANIFEST /ManifestFile:"x64\Debug\SerialPortCom.exe.intermediate.manifest" /MANIFESTUAC:"level='asInvoker' uiAccess='false'" /DEBUG /PDB:"F:\SerialPortCom\x64\Debug\SerialPortCom.pdb" /SUBSYSTEM:CONSOLE /TLBID:1 /DYNAMICBASE /NXCOMPAT /IMPLIB:"F:\SerialPortCom\x64\Debug\SerialPortCom.lib" /MACHINE:X64 x64\Debug\SerialPortCom.res
         x64\Debug\moc_mainwindow.obj
         x64\Debug\moc_qextserialbase.obj
         x64\Debug\moc_qextserialport.obj
         x64\Debug\moc_serialportcom.obj
         x64\Debug\moc_win_qextserialport.obj
         x64\Debug\main.obj
         x64\Debug\mainwindow.obj
         x64\Debug\qextserialbase.obj
         x64\Debug\qextserialport.obj
         x64\Debug\serialportcom.obj
         x64\Debug\SerialPortParameter.obj
         x64\Debug\win_qextserialport.obj
         LINK : 没有找到 F:\SerialPortCom\x64\Debug\\SerialPortCom.exe 或上一个增量链接没有生成它；正在执行完全链接
         SerialPortCom.vcxproj -> F:\SerialPortCom\x64\Debug\SerialPortCom.exe
       Manifest:
         C:\Program Files (x86)\Microsoft SDKs\Windows\v7.0A\bin\mt.exe /nologo /verbose /outputresource:"F:\SerialPortCom\x64\Debug\\SerialPortCom.exe;#1" /manifest x64\Debug\SerialPortCom.exe.intermediate.manifest
       FinalizeBuildStatus:
         正在删除文件“x64\Debug\SerialPortCom.unsuccessfulbuild”。
         正在对“x64\Debug\SerialPortCom.lastbuildstate”执行 Touch 任务。
     1>已完成生成项目“F:\SerialPortCom\SerialPortCom\SerialPortCom.vcxproj”(build 个目标)的操作。

生成成功。

已用时间 00:00:06.78
