生成启动时间为 2022/9/30 10:24:57。
     1>项目“F:\SerialPortCom\SerialPortCom\SerialPortCom.vcxproj”在节点 2 上(build 个目标)。
     1>InitializeBuildStatus:
         正在创建“Release\SerialPortCom.unsuccessfulbuild”，因为已指定“AlwaysCreate”。
       CustomBuild:
         所有输出均为最新。
       ClCompile:
         C:\Program Files (x86)\Microsoft Visual Studio 10.0\VC\bin\CL.exe /c /IF:\SerialPortCom\SerialPortCom\GeneratedFiles /I. /ID:\Qt\4.8.2_32\include /I.\GeneratedFiles\Release /ID:\Qt\4.8.2_32\include\QtCore /ID:\Qt\4.8.2_32\include\QtGui /nologo /W1 /WX- /O2 /Oy- /D UNICODE /D WIN32 /D QT_LARGEFILE_SUPPORT /D QT_DLL /D QT_NO_DEBUG /D NDEBUG /D QT_CORE_LIB /D QT_GUI_LIB /Gm- /EHsc /MD /GS /fp:precise /Zc:wchar_t- /Zc:forScope /Fo"Release\\" /Fd"Release\vc100.pdb" /Gd /TP /analyze- /errorReport:prompt serialportcom.cpp
         serialportcom.cpp
     1>f:\serialportcom\serialportcom\SerialPortParameter.h(5): warning C4068: 未知的杂注
     1>f:\serialportcom\serialportcom\serialportcom.h(55): warning C4482: 使用了非标准扩展: 限定名中使用了枚举“GoPosition”
     1>f:\serialportcom\serialportcom\serialportcom.h(55): warning C4482: 使用了非标准扩展: 限定名中使用了枚举“GoPosition”
     1>serialportcom.cpp(96): warning C4482: 使用了非标准扩展: 限定名中使用了枚举“GoPosition”
     1>serialportcom.cpp(97): warning C4482: 使用了非标准扩展: 限定名中使用了枚举“GoPosition”
       ResourceCompile:
         所有输出均为最新。
       Link:
         C:\Program Files (x86)\Microsoft Visual Studio 10.0\VC\bin\link.exe /ERRORREPORT:PROMPT /OUT:"F:\SerialPortCom\Win32\Release\\SerialPortCom.exe" /NOLOGO /LIBPATH:D:\Qt\4.8.2_32\lib qtmain.lib QtCore4.lib QtGui4.lib kernel32.lib user32.lib gdi32.lib winspool.lib comdlg32.lib advapi32.lib shell32.lib ole32.lib oleaut32.lib uuid.lib odbc32.lib odbccp32.lib /MANIFEST /ManifestFile:"Release\SerialPortCom.exe.intermediate.manifest" /MANIFESTUAC:"level='asInvoker' uiAccess='false'" /PDB:"F:\SerialPortCom\Win32\Release\SerialPortCom.pdb" /SUBSYSTEM:CONSOLE /TLBID:1 /DYNAMICBASE /NXCOMPAT /IMPLIB:"F:\SerialPortCom\Win32\Release\SerialPortCom.lib" /MACHINE:X86 Release\SerialPortCom.res
         Release\moc_mainwindow.obj
         Release\moc_qextserialbase.obj
         Release\moc_qextserialport.obj
         Release\moc_serialportcom.obj
         Release\moc_win_qextserialport.obj
         Release\main.obj
         Release\mainwindow.obj
         Release\qextserialbase.obj
         Release\qextserialport.obj
         Release\serialportcom.obj
         Release\SerialPortParameter.obj
         Release\win_qextserialport.obj
         SerialPortCom.vcxproj -> F:\SerialPortCom\Win32\Release\SerialPortCom.exe
       Manifest:
         C:\Program Files (x86)\Microsoft SDKs\Windows\v7.0A\bin\mt.exe /nologo /verbose /outputresource:"F:\SerialPortCom\Win32\Release\\SerialPortCom.exe;#1" /manifest Release\SerialPortCom.exe.intermediate.manifest
       FinalizeBuildStatus:
         正在删除文件“Release\SerialPortCom.unsuccessfulbuild”。
         正在对“Release\SerialPortCom.lastbuildstate”执行 Touch 任务。
     1>已完成生成项目“F:\SerialPortCom\SerialPortCom\SerialPortCom.vcxproj”(build 个目标)的操作。

生成成功。

已用时间 00:00:02.07
