F:\SERIALPORTCOM\SERIALPORTCOM\GENERATEDFILES\RELEASE\MOC_MAINWINDOW.CPP
F:\SERIALPORTCOM\SERIALPORTCOM\GENERATEDFILES\RELEASE\MOC_QEXTSERIALBASE.CPP
F:\SERIALPORTCOM\SERIALPORTCOM\GENERATEDFILES\RELEASE\MOC_QEXTSERIALPORT.CPP
F:\SERIALPORTCOM\SERIALPORTCOM\GENERATEDFILES\RELEASE\MOC_SERIALPORTCOM.CPP
F:\SERIALPORTCOM\SERIALPORTCOM\GENERATEDFILES\RELEASE\MOC_WIN_QEXTSERIALPORT.CPP
F:\SERIALPORTCOM\SERIALPORTCOM\GENERATEDFILES\UI_MAINWINDOW.H
F:\SerialPortCom\SerialPortCom\Release\cl.command.1.tlog
F:\SerialPortCom\SerialPortCom\Release\CL.read.1.tlog
F:\SerialPortCom\SerialPortCom\Release\CL.write.1.tlog
F:\SerialPortCom\SerialPortCom\Release\custombuild.command.1.tlog
F:\SerialPortCom\SerialPortCom\Release\custombuild.read.1.tlog
F:\SerialPortCom\SerialPortCom\Release\custombuild.write.1.tlog
F:\SerialPortCom\SerialPortCom\Release\link.command.1.tlog
F:\SerialPortCom\SerialPortCom\Release\link.read.1.tlog
F:\SerialPortCom\SerialPortCom\Release\link.write.1.tlog
F:\SERIALPORTCOM\SERIALPORTCOM\RELEASE\MAIN.OBJ
F:\SERIALPORTCOM\SERIALPORTCOM\RELEASE\MAINWINDOW.OBJ
F:\SERIALPORTCOM\SERIALPORTCOM\RELEASE\MOC_MAINWINDOW.OBJ
F:\SERIALPORTCOM\SERIALPORTCOM\RELEASE\MOC_QEXTSERIALBASE.OBJ
F:\SERIALPORTCOM\SERIALPORTCOM\RELEASE\MOC_QEXTSERIALPORT.OBJ
F:\SERIALPORTCOM\SERIALPORTCOM\RELEASE\MOC_SERIALPORTCOM.OBJ
F:\SERIALPORTCOM\SERIALPORTCOM\RELEASE\MOC_WIN_QEXTSERIALPORT.OBJ
F:\SERIALPORTCOM\SERIALPORTCOM\RELEASE\QEXTSERIALBASE.OBJ
F:\SERIALPORTCOM\SERIALPORTCOM\RELEASE\QEXTSERIALPORT.OBJ
F:\SerialPortCom\SerialPortCom\Release\rc.command.1.tlog
F:\SerialPortCom\SerialPortCom\Release\rc.read.1.tlog
F:\SerialPortCom\SerialPortCom\Release\rc.write.1.tlog
F:\SERIALPORTCOM\SERIALPORTCOM\RELEASE\SERIALPORTCOM.OBJ
F:\SERIALPORTCOM\SERIALPORTCOM\RELEASE\SERIALPORTCOM.RES
F:\SerialPortCom\SerialPortCom\Release\SerialPortCom.vcxprojResolveAssemblyReference.cache
F:\SerialPortCom\SerialPortCom\Release\SerialPortCom.write.1.tlog
F:\SERIALPORTCOM\SERIALPORTCOM\RELEASE\SERIALPORTPARAMETER.OBJ
F:\SERIALPORTCOM\SERIALPORTCOM\RELEASE\WIN_QEXTSERIALPORT.OBJ
